                                        
                           Design Compiler Graphical 
                                 DC Ultra (TM)
                                  DFTMAX (TM)
                              Power Compiler (TM)
                                 DesignWare (R)
                                 DC Expert (TM)
                               Design Vision (TM)
                               HDL Compiler (TM)
                               VHDL Compiler (TM)
                                  DFT Compiler
                               Design Compiler(R)
                                        
               Version K-2015.06-SP1 for linux64 - Jul 21, 2015 
                                        
                    Copyright (c) 1988 - 2015 Synopsys, Inc.
   This software and the associated documentation are proprietary to Synopsys,
 Inc. This software may only be used in accordance with the terms and conditions
 of a written license agreement with Synopsys, Inc. All other use, reproduction,
            or distribution of this software is strictly prohibited.
Initializing...
#======================================================
#
# Synopsys Synthesis Scripts (Design Vision dctcl mode)
#
#======================================================
#======================================================
#  Set Libraries
#======================================================
set search_path {  ./../01_RTL                    ./../04_MEM                    ~iclabta01/umc018/Synthesis/                    /usr/synthesis/libraries/syn/                    /usr/synthesis/dw/ }
  ./../01_RTL                    ./../04_MEM                    ~iclabta01/umc018/Synthesis/                    /usr/synthesis/libraries/syn/                    /usr/synthesis/dw/ 
set synthetic_library {dw_foundation.sldb}
dw_foundation.sldb
set link_library {* dw_foundation.sldb standard.sldb slow.db RA1SH.db}
* dw_foundation.sldb standard.sldb slow.db RA1SH.db
set target_library {slow.db}
slow.db
#report_lib slow
#======================================================
#  Global Parameters
#======================================================
set DESIGN "CNN"
CNN
set CYCLE 10
10
#======================================================
#  Read RTL Code
#======================================================
#set hdlin_auto_save_templates TRUE
read_sverilog {$DESIGN\.v}
Loading db file '/usr/synthesis/libraries/syn/dw_foundation.sldb'
Loading db file '/usr/synthesis/libraries/syn/standard.sldb'
Loading db file '/RAID2/COURSE/iclab/iclabta01/umc018/Synthesis/slow.db'
Loading db file '/misc/RAID2/COURSE/iclab/iclab39/FP/04_MEM/RA1SH.db'
Loading db file '/usr/synthesis/libraries/syn/gtech.db'
  Loading link library 'slow'
  Loading link library 'USERLIB'
  Loading link library 'gtech'
Loading sverilog file '/misc/RAID2/COURSE/iclab/iclab39/FP/01_RTL/CNN.v'
Detecting input file type automatically (-rtl or -netlist).
Reading with Presto HDL Compiler (equivalent to -rtl option).
Running PRESTO HDLC
Compiling source file /misc/RAID2/COURSE/iclab/iclab39/FP/01_RTL/CNN.v
Warning:  /misc/RAID2/COURSE/iclab/iclab39/FP/01_RTL/CNN.v:140: unsigned to signed assignment occurs. (VER-318)
Warning:  /misc/RAID2/COURSE/iclab/iclab39/FP/01_RTL/CNN.v:141: unsigned to signed assignment occurs. (VER-318)
Warning:  /misc/RAID2/COURSE/iclab/iclab39/FP/01_RTL/CNN.v:149: unsigned to signed assignment occurs. (VER-318)
Warning:  /misc/RAID2/COURSE/iclab/iclab39/FP/01_RTL/CNN.v:150: unsigned to signed assignment occurs. (VER-318)
Warning:  /misc/RAID2/COURSE/iclab/iclab39/FP/01_RTL/CNN.v:158: unsigned to signed assignment occurs. (VER-318)
Warning:  /misc/RAID2/COURSE/iclab/iclab39/FP/01_RTL/CNN.v:159: unsigned to signed assignment occurs. (VER-318)
Warning:  /misc/RAID2/COURSE/iclab/iclab39/FP/01_RTL/CNN.v:167: unsigned to signed assignment occurs. (VER-318)
Warning:  /misc/RAID2/COURSE/iclab/iclab39/FP/01_RTL/CNN.v:168: unsigned to signed assignment occurs. (VER-318)
Warning:  /misc/RAID2/COURSE/iclab/iclab39/FP/01_RTL/CNN.v:198: unsigned to signed assignment occurs. (VER-318)
Warning:  /misc/RAID2/COURSE/iclab/iclab39/FP/01_RTL/CNN.v:199: unsigned to signed assignment occurs. (VER-318)
Warning:  /misc/RAID2/COURSE/iclab/iclab39/FP/01_RTL/CNN.v:207: unsigned to signed assignment occurs. (VER-318)
Warning:  /misc/RAID2/COURSE/iclab/iclab39/FP/01_RTL/CNN.v:208: unsigned to signed assignment occurs. (VER-318)
Warning:  /misc/RAID2/COURSE/iclab/iclab39/FP/01_RTL/CNN.v:237: unsigned to signed assignment occurs. (VER-318)
Warning:  /misc/RAID2/COURSE/iclab/iclab39/FP/01_RTL/CNN.v:238: unsigned to signed assignment occurs. (VER-318)
Warning:  /misc/RAID2/COURSE/iclab/iclab39/FP/01_RTL/CNN.v:246: unsigned to signed assignment occurs. (VER-318)
Warning:  /misc/RAID2/COURSE/iclab/iclab39/FP/01_RTL/CNN.v:247: unsigned to signed assignment occurs. (VER-318)

Statistics for case statements in always block at line 837 in file
	'/misc/RAID2/COURSE/iclab/iclab39/FP/01_RTL/CNN.v'
===============================================
|           Line           |  full/ parallel  |
===============================================
|           838            |    auto/auto     |
===============================================

Inferred memory devices in process
	in routine CNN line 127 in file
		'/misc/RAID2/COURSE/iclab/iclab39/FP/01_RTL/CNN.v'.
===============================================================================
|    Register Name    |   Type    | Width | Bus | MB | AR | AS | SR | SS | ST |
===============================================================================
|  filter_2_bias_reg  | Flip-flop |   6   |  Y  | N  | Y  | N  | N  | N  | N  |
|  filter_3_bias_reg  | Flip-flop |   6   |  Y  | N  | Y  | N  | N  | N  | N  |
|    filter_1_reg     | Flip-flop |  54   |  Y  | N  | Y  | N  | N  | N  | N  |
|    filter_2_reg     | Flip-flop |  54   |  Y  | N  | Y  | N  | N  | N  | N  |
|    filter_3_reg     | Flip-flop |  54   |  Y  | N  | Y  | N  | N  | N  | N  |
|  filter_1_bias_reg  | Flip-flop |   6   |  Y  | N  | Y  | N  | N  | N  | N  |
===============================================================================

Inferred memory devices in process
	in routine CNN line 187 in file
		'/misc/RAID2/COURSE/iclab/iclab39/FP/01_RTL/CNN.v'.
===============================================================================
|    Register Name    |   Type    | Width | Bus | MB | AR | AS | SR | SS | ST |
===============================================================================
| weight_1_bias_2_reg | Flip-flop |   6   |  Y  | N  | Y  | N  | N  | N  | N  |
| weight_1_bias_3_reg | Flip-flop |   6   |  Y  | N  | Y  | N  | N  | N  | N  |
|    weight_1_reg     | Flip-flop |  486  |  Y  | N  | Y  | N  | N  | N  | N  |
| weight_1_bias_1_reg | Flip-flop |   6   |  Y  | N  | Y  | N  | N  | N  | N  |
===============================================================================

Inferred memory devices in process
	in routine CNN line 226 in file
		'/misc/RAID2/COURSE/iclab/iclab39/FP/01_RTL/CNN.v'.
===============================================================================
|    Register Name    |   Type    | Width | Bus | MB | AR | AS | SR | SS | ST |
===============================================================================
| weight_2_bias_2_reg | Flip-flop |   6   |  Y  | N  | Y  | N  | N  | N  | N  |
| weight_2_bias_3_reg | Flip-flop |   6   |  Y  | N  | Y  | N  | N  | N  | N  |
|    weight_2_reg     | Flip-flop |  54   |  Y  | N  | Y  | N  | N  | N  | N  |
| weight_2_bias_1_reg | Flip-flop |   6   |  Y  | N  | Y  | N  | N  | N  | N  |
===============================================================================

Inferred memory devices in process
	in routine CNN line 265 in file
		'/misc/RAID2/COURSE/iclab/iclab39/FP/01_RTL/CNN.v'.
===============================================================================
|    Register Name    |   Type    | Width | Bus | MB | AR | AS | SR | SS | ST |
===============================================================================
|      pixel_reg      | Flip-flop |  64   |  Y  | N  | Y  | N  | N  | N  | N  |
===============================================================================

Inferred memory devices in process
	in routine CNN line 290 in file
		'/misc/RAID2/COURSE/iclab/iclab39/FP/01_RTL/CNN.v'.
===============================================================================
|    Register Name    |   Type    | Width | Bus | MB | AR | AS | SR | SS | ST |
===============================================================================
|     conv_1_reg      | Flip-flop |  540  |  Y  | N  | Y  | N  | N  | N  | N  |
===============================================================================

Inferred memory devices in process
	in routine CNN line 397 in file
		'/misc/RAID2/COURSE/iclab/iclab39/FP/01_RTL/CNN.v'.
===============================================================================
|    Register Name    |   Type    | Width | Bus | MB | AR | AS | SR | SS | ST |
===============================================================================
|     conv_2_reg      | Flip-flop |  540  |  Y  | N  | Y  | N  | N  | N  | N  |
===============================================================================

Inferred memory devices in process
	in routine CNN line 504 in file
		'/misc/RAID2/COURSE/iclab/iclab39/FP/01_RTL/CNN.v'.
===============================================================================
|    Register Name    |   Type    | Width | Bus | MB | AR | AS | SR | SS | ST |
===============================================================================
|     conv_3_reg      | Flip-flop |  540  |  Y  | N  | Y  | N  | N  | N  | N  |
===============================================================================

Inferred memory devices in process
	in routine CNN line 613 in file
		'/misc/RAID2/COURSE/iclab/iclab39/FP/01_RTL/CNN.v'.
===============================================================================
|    Register Name    |   Type    | Width | Bus | MB | AR | AS | SR | SS | ST |
===============================================================================
|      pool_reg       | Flip-flop |  135  |  Y  | N  | Y  | N  | N  | N  | N  |
===============================================================================

Inferred memory devices in process
	in routine CNN line 693 in file
		'/misc/RAID2/COURSE/iclab/iclab39/FP/01_RTL/CNN.v'.
===============================================================================
|    Register Name    |   Type    | Width | Bus | MB | AR | AS | SR | SS | ST |
===============================================================================
|    affine_1_reg     | Flip-flop |  30   |  Y  | N  | Y  | N  | N  | N  | N  |
===============================================================================

Inferred memory devices in process
	in routine CNN line 730 in file
		'/misc/RAID2/COURSE/iclab/iclab39/FP/01_RTL/CNN.v'.
===============================================================================
|    Register Name    |   Type    | Width | Bus | MB | AR | AS | SR | SS | ST |
===============================================================================
|    affine_2_reg     | Flip-flop |  48   |  Y  | N  | Y  | N  | N  | N  | N  |
===============================================================================

Inferred memory devices in process
	in routine CNN line 765 in file
		'/misc/RAID2/COURSE/iclab/iclab39/FP/01_RTL/CNN.v'.
===============================================================================
|    Register Name    |   Type    | Width | Bus | MB | AR | AS | SR | SS | ST |
===============================================================================
|    out_valid_reg    | Flip-flop |   1   |  N  | N  | Y  | N  | N  | N  | N  |
===============================================================================

Inferred memory devices in process
	in routine CNN line 773 in file
		'/misc/RAID2/COURSE/iclab/iclab39/FP/01_RTL/CNN.v'.
===============================================================================
|    Register Name    |   Type    | Width | Bus | MB | AR | AS | SR | SS | ST |
===============================================================================
|    number_6_reg     | Flip-flop |   1   |  N  | N  | Y  | N  | N  | N  | N  |
|    number_2_reg     | Flip-flop |   1   |  N  | N  | Y  | N  | N  | N  | N  |
|    number_4_reg     | Flip-flop |   1   |  N  | N  | Y  | N  | N  | N  | N  |
===============================================================================

Inferred memory devices in process
	in routine CNN line 795 in file
		'/misc/RAID2/COURSE/iclab/iclab39/FP/01_RTL/CNN.v'.
===============================================================================
|    Register Name    |   Type    | Width | Bus | MB | AR | AS | SR | SS | ST |
===============================================================================
|     counter_reg     | Flip-flop |   6   |  Y  | N  | Y  | N  | N  | N  | N  |
|     counter_reg     | Flip-flop |   1   |  N  | N  | N  | Y  | N  | N  | N  |
===============================================================================

Inferred memory devices in process
	in routine CNN line 810 in file
		'/misc/RAID2/COURSE/iclab/iclab39/FP/01_RTL/CNN.v'.
===============================================================================
|    Register Name    |   Type    | Width | Bus | MB | AR | AS | SR | SS | ST |
===============================================================================
|     cursor_reg      | Flip-flop |   7   |  Y  | N  | Y  | N  | N  | N  | N  |
===============================================================================

Inferred memory devices in process
	in routine CNN line 830 in file
		'/misc/RAID2/COURSE/iclab/iclab39/FP/01_RTL/CNN.v'.
===============================================================================
|    Register Name    |   Type    | Width | Bus | MB | AR | AS | SR | SS | ST |
===============================================================================
|       cs_reg        | Flip-flop |  10   |  Y  | N  | Y  | N  | N  | N  | N  |
===============================================================================
Statistics for MUX_OPs
===========================================================
| block name/line  | Inputs | Outputs | # sel inputs | MB |
===========================================================
|     CNN/304      |   64   |    1    |      6       | N  |
|     CNN/306      |   64   |    1    |      6       | N  |
|     CNN/308      |   64   |    1    |      6       | N  |
|     CNN/310      |   64   |    1    |      6       | N  |
|     CNN/312      |   64   |    1    |      6       | N  |
|     CNN/314      |   64   |    1    |      6       | N  |
|     CNN/317      |   64   |    1    |      6       | N  |
|     CNN/319      |   64   |    1    |      6       | N  |
|     CNN/321      |   64   |    1    |      6       | N  |
|     CNN/323      |   64   |    1    |      6       | N  |
|     CNN/325      |   64   |    1    |      6       | N  |
|     CNN/327      |   64   |    1    |      6       | N  |
|     CNN/330      |   64   |    1    |      6       | N  |
|     CNN/332      |   64   |    1    |      6       | N  |
|     CNN/334      |   64   |    1    |      6       | N  |
|     CNN/336      |   64   |    1    |      6       | N  |
|     CNN/338      |   64   |    1    |      6       | N  |
|     CNN/340      |   64   |    1    |      6       | N  |
|     CNN/343      |   64   |    1    |      6       | N  |
|     CNN/345      |   64   |    1    |      6       | N  |
|     CNN/347      |   64   |    1    |      6       | N  |
|     CNN/349      |   64   |    1    |      6       | N  |
|     CNN/351      |   64   |    1    |      6       | N  |
|     CNN/353      |   64   |    1    |      6       | N  |
|     CNN/356      |   64   |    1    |      6       | N  |
|     CNN/358      |   64   |    1    |      6       | N  |
|     CNN/360      |   64   |    1    |      6       | N  |
|     CNN/362      |   64   |    1    |      6       | N  |
|     CNN/364      |   64   |    1    |      6       | N  |
|     CNN/366      |   64   |    1    |      6       | N  |
|     CNN/369      |   64   |    1    |      6       | N  |
|     CNN/371      |   64   |    1    |      6       | N  |
|     CNN/373      |   64   |    1    |      6       | N  |
|     CNN/375      |   64   |    1    |      6       | N  |
|     CNN/377      |   64   |    1    |      6       | N  |
|     CNN/379      |   64   |    1    |      6       | N  |
|     CNN/413      |   64   |    1    |      6       | N  |
|     CNN/415      |   64   |    1    |      6       | N  |
|     CNN/417      |   64   |    1    |      6       | N  |
|     CNN/419      |   64   |    1    |      6       | N  |
|     CNN/421      |   64   |    1    |      6       | N  |
|     CNN/424      |   64   |    1    |      6       | N  |
|     CNN/426      |   64   |    1    |      6       | N  |
|     CNN/428      |   64   |    1    |      6       | N  |
|     CNN/430      |   64   |    1    |      6       | N  |
|     CNN/432      |   64   |    1    |      6       | N  |
|     CNN/434      |   64   |    1    |      6       | N  |
|     CNN/437      |   64   |    1    |      6       | N  |
|     CNN/439      |   64   |    1    |      6       | N  |
|     CNN/441      |   64   |    1    |      6       | N  |
|     CNN/443      |   64   |    1    |      6       | N  |
|     CNN/445      |   64   |    1    |      6       | N  |
|     CNN/447      |   64   |    1    |      6       | N  |
|     CNN/450      |   64   |    1    |      6       | N  |
|     CNN/452      |   64   |    1    |      6       | N  |
|     CNN/454      |   64   |    1    |      6       | N  |
|     CNN/456      |   64   |    1    |      6       | N  |
|     CNN/458      |   64   |    1    |      6       | N  |
|     CNN/460      |   64   |    1    |      6       | N  |
|     CNN/463      |   64   |    1    |      6       | N  |
|     CNN/465      |   64   |    1    |      6       | N  |
|     CNN/467      |   64   |    1    |      6       | N  |
|     CNN/469      |   64   |    1    |      6       | N  |
|     CNN/471      |   64   |    1    |      6       | N  |
|     CNN/473      |   64   |    1    |      6       | N  |
|     CNN/476      |   64   |    1    |      6       | N  |
|     CNN/478      |   64   |    1    |      6       | N  |
|     CNN/480      |   64   |    1    |      6       | N  |
|     CNN/482      |   64   |    1    |      6       | N  |
|     CNN/484      |   64   |    1    |      6       | N  |
|     CNN/486      |   64   |    1    |      6       | N  |
|     CNN/520      |   64   |    1    |      6       | N  |
|     CNN/522      |   64   |    1    |      6       | N  |
|     CNN/524      |   64   |    1    |      6       | N  |
|     CNN/526      |   64   |    1    |      6       | N  |
|     CNN/528      |   64   |    1    |      6       | N  |
|     CNN/531      |   64   |    1    |      6       | N  |
|     CNN/533      |   64   |    1    |      6       | N  |
|     CNN/535      |   64   |    1    |      6       | N  |
|     CNN/537      |   64   |    1    |      6       | N  |
|     CNN/539      |   64   |    1    |      6       | N  |
|     CNN/541      |   64   |    1    |      6       | N  |
|     CNN/544      |   64   |    1    |      6       | N  |
|     CNN/546      |   64   |    1    |      6       | N  |
|     CNN/548      |   64   |    1    |      6       | N  |
|     CNN/550      |   64   |    1    |      6       | N  |
|     CNN/552      |   64   |    1    |      6       | N  |
|     CNN/554      |   64   |    1    |      6       | N  |
|     CNN/557      |   64   |    1    |      6       | N  |
|     CNN/559      |   64   |    1    |      6       | N  |
|     CNN/561      |   64   |    1    |      6       | N  |
|     CNN/563      |   64   |    1    |      6       | N  |
|     CNN/565      |   64   |    1    |      6       | N  |
|     CNN/567      |   64   |    1    |      6       | N  |
|     CNN/570      |   64   |    1    |      6       | N  |
|     CNN/572      |   64   |    1    |      6       | N  |
|     CNN/574      |   64   |    1    |      6       | N  |
|     CNN/576      |   64   |    1    |      6       | N  |
|     CNN/578      |   64   |    1    |      6       | N  |
|     CNN/580      |   64   |    1    |      6       | N  |
|     CNN/583      |   64   |    1    |      6       | N  |
|     CNN/585      |   64   |    1    |      6       | N  |
|     CNN/587      |   64   |    1    |      6       | N  |
|     CNN/589      |   64   |    1    |      6       | N  |
|     CNN/591      |   64   |    1    |      6       | N  |
|     CNN/593      |   64   |    1    |      6       | N  |
===========================================================
Presto compilation completed successfully.
Current design is now '/misc/RAID2/COURSE/iclab/iclab39/FP/01_RTL/CNN.db:CNN'
Loaded 1 design.
Current design is 'CNN'.
CNN
current_design $DESIGN
Current design is 'CNN'.
{CNN}
#======================================================
#  Global Setting
#======================================================
#======================================================
#  Set Design Constraints
#======================================================
create_clock -name "clk" -period $CYCLE clk
1
set_input_delay  [ expr $CYCLE*0.5 ] -clock clk [all_inputs]
1
set_output_delay [ expr $CYCLE*0.5 ] -clock clk [all_outputs]
1
set_input_delay 0 -clock clk clk
1
set_input_delay 0 -clock clk rst_n
1
set_load 0.05 [all_outputs]
1
set_dont_use slow/JKFF*
1
#======================================================
#  Optimization
#======================================================
set_wire_load_mode top
1
check_design > Report/$DESIGN\.check
set_fix_multiple_port_nets -all -buffer_constants
1
compile_ultra
Information: Performing power optimization. (PWR-850)
Analyzing: "/RAID2/COURSE/iclab/iclabta01/umc018/Synthesis/slow.db"
Library analysis succeeded.
Information: Evaluating DesignWare library utilization. (UISN-27)

============================================================================
| DesignWare Building Block Library  |         Version         | Available |
============================================================================
| Basic DW Building Blocks           | K-2015.06-DWBB_201506.1 |     *     |
| Licensed DW Building Blocks        | K-2015.06-DWBB_201506.1 |     *     |
============================================================================

Information: Sequential output inversion is enabled.  SVF file must be used for formal verification. (OPT-1208)

Information: There are 187 potential problems in your design. Please run 'check_design' for more information. (LINT-99)

  Simplifying Design 'CNN'

Loaded alib file './alib-52/slow.db.alib'
  Building model 'DW01_NAND2'
Information: Ungrouping 0 of 1 hierarchies before Pass 1 (OPT-775)
Information: State dependent leakage is now switched from on to off.

  Beginning Pass 1 Mapping
  ------------------------
  Processing 'CNN'
Information: Added key list 'DesignWare' to design 'CNN'. (DDB-72)
Information: The register 'cs_reg[4]' is a constant and will be removed. (OPT-1206)
Information: The register 'cs_reg[5]' is a constant and will be removed. (OPT-1206)
Information: The register 'cs_reg[6]' is a constant and will be removed. (OPT-1206)
Information: The register 'cs_reg[7]' is a constant and will be removed. (OPT-1206)
Information: The register 'cs_reg[8]' is a constant and will be removed. (OPT-1206)
Information: The register 'cs_reg[9]' is a constant and will be removed. (OPT-1206)
 Implement Synthetic for 'CNN'.

  Updating timing information
Information: Updating design information... (UID-85)
Information: The library cell 'HOLDX1' in the library 'slow' is not characterized for internal power. (PWR-536)
Information: The target library(s) contains cell(s), other than black boxes, that are not characterized for internal power. (PWR-24)

  Beginning Mapping Optimizations  (Ultra High effort)
  -------------------------------
  Mapping Optimization (Phase 1)
Warning: In design CNN, there are sequential cells not driving any load. (OPT-109)
Information: Use the 'check_design' command for 
	 more information about warnings. (LINT-98)

  Beginning Constant Register Removal
  -----------------------------------

  Beginning Global Optimizations
  ------------------------------
  Numerical Synthesis (Phase 1)
  Numerical Synthesis (Phase 2)
  Global Optimization (Phase 1)
  Global Optimization (Phase 2)
  Global Optimization (Phase 3)
  Global Optimization (Phase 4)
  Global Optimization (Phase 5)
  Global Optimization (Phase 6)
  Global Optimization (Phase 7)
  Global Optimization (Phase 8)
  Global Optimization (Phase 9)
  Global Optimization (Phase 10)
  Global Optimization (Phase 11)
  Global Optimization (Phase 12)
  Global Optimization (Phase 13)
  Global Optimization (Phase 14)
  Global Optimization (Phase 15)
  Global Optimization (Phase 16)
  Global Optimization (Phase 17)
  Global Optimization (Phase 18)
  Global Optimization (Phase 19)
  Global Optimization (Phase 20)
  Global Optimization (Phase 21)
  Global Optimization (Phase 22)
  Global Optimization (Phase 23)
  Global Optimization (Phase 24)
  Global Optimization (Phase 25)
  Global Optimization (Phase 26)
  Global Optimization (Phase 27)
  Global Optimization (Phase 28)
  Global Optimization (Phase 29)
  Global Optimization (Phase 30)
  Global Optimization (Phase 31)

  Beginning Isolate Ports
  -----------------------

  Beginning Delay Optimization
  ----------------------------

                                  TOTAL                                                
   ELAPSED            WORST NEG   SETUP    DESIGN                              LEAKAGE 
    TIME      AREA      SLACK     COST    RULE COST         ENDPOINT            POWER  
  --------- --------- --------- --------- --------- ------------------------- ---------
    0:03:57  606585.3      0.00       0.0       0.0                           42300496.0000
    0:03:57  606585.3      0.00       0.0       0.0                           42300496.0000
    0:03:57  606585.3      0.00       0.0       0.0                           42300496.0000
    0:03:59  606555.3      0.00       0.0       0.0                           42297980.0000

  Beginning WLM Backend Optimization
  --------------------------------------
    0:04:31  603744.5      0.00       0.0       0.0                           41559344.0000
    0:04:35  601948.3      0.00       0.0       0.0                           41273960.0000
    0:04:48  601110.0      0.00       0.0       0.0                           35765348.0000
    0:04:48  601110.0      0.00       0.0       0.0                           35765348.0000
    0:04:48  601110.0      0.00       0.0       0.0                           35765348.0000
    0:04:48  601110.0      0.00       0.0       0.0                           35765348.0000
    0:04:48  601110.0      0.00       0.0       0.0                           35765348.0000
    0:04:48  601110.0      0.00       0.0       0.0                           35765348.0000
    0:04:48  601110.0      0.00       0.0       0.0                           35765348.0000
    0:04:48  601110.0      0.00       0.0       0.0                           35765348.0000
    0:04:48  601110.0      0.00       0.0       0.0                           35765348.0000
    0:04:48  601110.0      0.00       0.0       0.0                           35765348.0000
    0:04:48  601110.0      0.00       0.0       0.0                           35765348.0000
    0:04:48  601110.0      0.00       0.0       0.0                           35765348.0000
    0:04:48  601110.0      0.00       0.0       0.0                           35765348.0000
    0:04:48  601110.0      0.00       0.0       0.0                           35765348.0000
    0:04:48  601110.0      0.00       0.0       0.0                           35765348.0000
    0:04:48  601110.0      0.00       0.0       0.0                           35765348.0000
    0:04:48  601110.0      0.00       0.0       0.0                           35765348.0000
    0:04:48  601110.0      0.00       0.0       0.0                           35765348.0000
    0:04:48  601110.0      0.00       0.0       0.0                           35765348.0000
    0:04:49  601110.0      0.00       0.0       0.0                           35765348.0000
    0:04:49  601110.0      0.00       0.0       0.0                           35765348.0000


  Beginning Leakage Power Optimization  (max_leakage_power 0)
  ------------------------------------

                                  TOTAL                                                
   ELAPSED            WORST NEG   SETUP    DESIGN                              LEAKAGE 
    TIME      AREA      SLACK     COST    RULE COST         ENDPOINT            POWER  
  --------- --------- --------- --------- --------- ------------------------- ---------
    0:04:49  601110.0      0.00       0.0       0.0                           35765348.0000
  Global Optimization (Phase 32)
  Global Optimization (Phase 33)
  Global Optimization (Phase 34)
  Global Optimization (Phase 35)
  Global Optimization (Phase 36)
  Global Optimization (Phase 37)
  Global Optimization (Phase 38)
  Global Optimization (Phase 39)
  Global Optimization (Phase 40)
  Global Optimization (Phase 41)
  Global Optimization (Phase 42)
  Global Optimization (Phase 43)
  Global Optimization (Phase 44)
  Global Optimization (Phase 45)
  Global Optimization (Phase 46)
    0:05:08  602410.6      0.00       0.0       0.0                           33852968.0000
    0:05:08  602410.6      0.00       0.0       0.0                           33852968.0000
    0:05:08  602410.6      0.00       0.0       0.0                           33852968.0000
    0:05:14  596852.2      0.00       0.0       0.0                           34045976.0000
    0:05:14  596852.2      0.00       0.0       0.0                           34045976.0000
    0:05:14  596852.2      0.00       0.0       0.0                           34045976.0000
    0:05:14  596852.2      0.00       0.0       0.0                           34045976.0000
    0:05:14  596852.2      0.00       0.0       0.0                           34045976.0000
    0:05:14  596852.2      0.00       0.0       0.0                           34045976.0000
    0:05:14  596852.2      0.00       0.0       0.0                           34045976.0000
    0:05:14  596852.2      0.00       0.0       0.0                           34045976.0000
    0:05:14  596852.2      0.00       0.0       0.0                           34045976.0000
    0:05:14  596852.2      0.00       0.0       0.0                           34045976.0000
    0:05:14  596852.2      0.00       0.0       0.0                           34045976.0000
    0:05:14  596852.2      0.00       0.0       0.0                           34045976.0000
    0:05:14  596852.2      0.00       0.0       0.0                           34045976.0000
    0:05:14  596852.2      0.00       0.0       0.0                           34045976.0000
    0:05:14  596852.2      0.00       0.0       0.0                           34045976.0000
    0:05:14  596852.2      0.00       0.0       0.0                           34045976.0000
    0:05:14  596852.2      0.00       0.0       0.0                           34045976.0000
    0:05:14  596852.2      0.00       0.0       0.0                           34045976.0000
    0:05:14  596852.2      0.00       0.0       0.0                           34045976.0000

                                  TOTAL                                                
   ELAPSED            WORST NEG   SETUP    DESIGN                              LEAKAGE 
    TIME      AREA      SLACK     COST    RULE COST         ENDPOINT            POWER  
  --------- --------- --------- --------- --------- ------------------------- ---------
    0:05:16  596852.2      0.00       0.0       0.0                           34045976.0000
    0:05:19  595105.9      0.00       0.0       0.0                           33984216.0000
    0:05:19  595105.9      0.00       0.0       0.0                           33984216.0000
    0:05:19  595105.9      0.00       0.0       0.0                           33984216.0000
    0:05:23  595385.3      0.00       0.0       0.0                           33941740.0000
    0:05:31  596263.5      0.00       0.0       0.0                           33813964.0000
    0:05:33  596978.6      0.00       0.0       0.0                           33756704.0000
    0:05:33  596978.6      0.00       0.0       0.0                           33756704.0000
    0:05:34  596978.6      0.00       0.0       0.0                           33756704.0000
    0:05:34  596978.6      0.00       0.0       0.0                           33756704.0000
    0:05:42  594417.3      0.00       0.0       0.0                           33898812.0000
Loading db file '/RAID2/COURSE/iclab/iclabta01/umc018/Synthesis/slow.db'
Loading db file '/misc/RAID2/COURSE/iclab/iclab39/FP/04_MEM/RA1SH.db'


Note: Symbol # after min delay cost means estimated hold TNS across all active scenarios 


  Optimization Complete
  ---------------------
Warning: Design 'CNN' contains 2 high-fanout nets. A fanout number of 1000 will be used for delay calculations involving these nets. (TIM-134)
     Net 'clk': 2676 load(s), 1 driver(s)
     Net 'rst_n': 2675 load(s), 1 driver(s)
Information: State dependent leakage is now switched from off to on.
Information: Propagating switching activity (low effort zero delay simulation). (PWR-6)
Warning: Design has unannotated black box outputs. (PWR-428)
1
#======================================================
#  Output Reports 
#======================================================
report_timing >  Report/$DESIGN\.timing
report_area >  Report/$DESIGN\.area
report_resource >  Report/$DESIGN\.resource
#======================================================
#  Change Naming Rule
#======================================================
set bus_inference_style "%s\[%d\]"
%s[%d]
set bus_naming_style "%s\[%d\]"
%s[%d]
set hdlout_internal_busses true
true
change_names -hierarchy -rule verilog
1
define_name_rules name_rule -allowed "a-z A-Z 0-9 _" -max_length 255 -type cell
1
define_name_rules name_rule -allowed "a-z A-Z 0-9 _[]" -max_length 255 -type net
1
define_name_rules name_rule -map {{"\\*cell\\*" "cell"}}
1
change_names -hierarchy -rules name_rule
1
#======================================================
#  Output Results
#======================================================
set verilogout_higher_designs_first true
true
write -format verilog -output Netlist/$DESIGN\_SYN.v -hierarchy
Writing verilog file '/misc/RAID2/COURSE/iclab/iclab39/FP/02_SYN/Netlist/CNN_SYN.v'.
1
write_sdf -version 3.0 -context verilog -load_delay cell Netlist/$DESIGN\_SYN.sdf -significant_digits 6
Information: Writing timing information to file '/misc/RAID2/COURSE/iclab/iclab39/FP/02_SYN/Netlist/CNN_SYN.sdf'. (WT-3)
1
#======================================================
#  Finish and Quit
#======================================================
report_area
 
****************************************
Report : area
Design : CNN
Version: K-2015.06-SP1
Date   : Tue Jan 16 10:26:12 2018
****************************************

Library(s) Used:

    slow (File: /RAID2/COURSE/iclab/iclabta01/umc018/Synthesis/slow.db)
    USERLIB (File: /misc/RAID2/COURSE/iclab/iclab39/FP/04_MEM/RA1SH.db)

Number of ports:                           23
Number of nets:                         25344
Number of cells:                        24931
Number of combinational cells:          22254
Number of sequential cells:              2676
Number of macros/black boxes:               1
Number of buf/inv:                       3285
Number of references:                     114

Combinational area:             376977.595641
Buf/Inv area:                    33084.375580
Noncombinational area:          187030.168091
Macro/Black Box area:            30409.544922
Net Interconnect area:      undefined  (No wire load specified)

Total cell area:                594417.308654
Total area:                 undefined
1
report_timing
 
****************************************
Report : timing
        -path full
        -delay max
        -max_paths 1
Design : CNN
Version: K-2015.06-SP1
Date   : Tue Jan 16 10:26:12 2018
****************************************

 # A fanout number of 1000 was used for high fanout net computations.

Operating Conditions: slow   Library: slow
Wire Load Model Mode: top

  Startpoint: cursor_reg_0_
              (rising edge-triggered flip-flop clocked by clk)
  Endpoint: affine_1_reg_1__9_
            (rising edge-triggered flip-flop clocked by clk)
  Path Group: clk
  Path Type: max

  Point                                    Incr       Path
  -----------------------------------------------------------
  clock clk (rise edge)                    0.00       0.00
  clock network delay (ideal)              0.00       0.00
  cursor_reg_0_/CK (DFFRHQX4)              0.00 #     0.00 r
  cursor_reg_0_/Q (DFFRHQX4)               0.36       0.36 r
  U18458/Y (INVX4)                         0.23       0.59 f
  U20441/Y (NOR2X4)                        0.27       0.85 r
  U20692/Y (INVX4)                         0.16       1.02 f
  U20452/Y (INVX4)                         0.23       1.25 r
  U20492/Y (INVX2)                         0.24       1.49 f
  U20513/Y (INVX2)                         0.55       2.04 r
  U16271/Y (INVX2)                         0.57       2.61 f
  U16691/Y (OR2X1)                         0.58       3.19 f
  U18624/Y (INVX2)                         0.68       3.87 r
  U21616/Y (AOI22XL)                       0.13       4.01 f
  U21617/Y (NAND4XL)                       0.23       4.24 r
  U21623/Y (NOR4XL)                        0.12       4.36 f
  U21624/Y (OAI2BB1XL)                     0.23       4.59 f
  U21625/Y (NAND4X1)                       0.25       4.84 r
  U25570/Y (AND2XL)                        0.22       5.05 r
  U18599/S (ADDFXL)                        1.27       6.33 r
  U25600/CO (ADDFX1)                       0.53       6.85 r
  U25603/CO (ADDFX1)                       0.32       7.17 r
  U25629/CO (ADDFX1)                       0.32       7.49 r
  U25643/CO (ADDFX1)                       0.30       7.79 r
  U20453/CO (ADDFHX1)                      0.26       8.05 r
  U16247/CO (ADDFX2)                       0.33       8.38 r
  U36313/CO (ADDFX1)                       0.31       8.69 r
  U36314/Y (XOR2X1)                        0.29       8.98 r
  U20459/Y (XOR2X1)                        0.24       9.22 f
  U16304/Y (OAI2BB2XL)                     0.22       9.43 f
  U19873/Y (AOI22XL)                       0.19       9.62 r
  U36316/Y (NAND2XL)                       0.09       9.72 f
  affine_1_reg_1__9_/D (DFFRHQXL)          0.00       9.72 f
  data arrival time                                   9.72

  clock clk (rise edge)                   10.00      10.00
  clock network delay (ideal)              0.00      10.00
  affine_1_reg_1__9_/CK (DFFRHQXL)         0.00      10.00 r
  library setup time                      -0.28       9.72
  data required time                                  9.72
  -----------------------------------------------------------
  data required time                                  9.72
  data arrival time                                  -9.72
  -----------------------------------------------------------
  slack (MET)                                         0.00


1
exit

Thank you...
