ncsim 13.10-s005
Linux 2.6.32-573.el6.x86_64 #1 SMP Thu Jul 23 15:44:03 UTC 2015 x86_64
CPU cores: 4
Limit information:
======================================
cputime			unlimited
filesize		unlimited
datasize		unlimited
stacksize		10240 kbytes
coredumpsize	0 kbytes
memoryuse		unlimited
vmemoryuse		unlimited
descriptors		4096
memorylocked	64 kbytes
maxproc			1024
======================================
(Special)Runtime environment variables:

Runtime environment variables:
REMOTEHOST=ip-193-118.cs.nctu.edu.tw
MANPATH=/usr/share/man:/usr/man:/usr/X11R6/man:/usr/lib/perl5/man:/usr/kerberos/man:/usr/local/man
HOSTNAME=ee03.EE.NCTU.edu.tw
SYNTEST_TMP=.
SELINUX_ROLE_REQUESTED=
HOST=ee03.EE.NCTU.edu.tw
TERM=xterm
SHELL=/bin/tcsh
SSH_CLIENT=140.113.193.118 65415 22
PERL5LIB=/RAID2/EDA/synopsys/saed_mc/lib
SELINUX_USE_CURRENT_RANGE=
MGC_LOCATION_MAP=NO_MAP
QTDIR=/usr/lib64/qt-3.3
QTINC=/usr/lib64/qt-3.3/include
SSH_TTY=/dev/pts/7
LC_ALL=C
HSP_HOME=/usr/hspice/hspice
GROUP=iclab
USER=iclab39
LD_LIBRARY_PATH=/usr/verdi/share/PLI/IUS/LINUX:/usr/hspice/hspice/linux:/RAID2/EDA/cadence/EDI/cur/tools/lib:/usr/ius81/tools/lib:/usr/X11R6/lib:/usr/lib:/lib
LS_COLORS=rs=0:di=01;34:ln=01;36:mh=00:pi=40;33:so=01;35:do=01;35:bd=40;33;01:cd=40;33;01:or=40;31;01:mi=01;05;37;41:su=37;41:sg=30;43:ca=30;41:tw=30;42:ow=34;42:st=37;44:ex=01;32:*.tar=01;31:*.tgz=01;31:*.arj=01;31:*.taz=01;31:*.lzh=01;31:*.lzma=01;31:*.tlz=01;31:*.txz=01;31:*.zip=01;31:*.z=01;31:*.Z=01;31:*.dz=01;31:*.gz=01;31:*.lz=01;31:*.xz=01;31:*.bz2=01;31:*.tbz=01;31:*.tbz2=01;31:*.bz=01;31:*.tz=01;31:*.deb=01;31:*.rpm=01;31:*.jar=01;31:*.rar=01;31:*.ace=01;31:*.zoo=01;31:*.cpio=01;31:*.7z=01;31:*.rz=01;31:*.jpg=01;35:*.jpeg=01;35:*.gif=01;35:*.bmp=01;35:*.pbm=01;35:*.pgm=01;35:*.ppm=01;35:*.tga=01;35:*.xbm=01;35:*.xpm=01;35:*.tif=01;35:*.tiff=01;35:*.png=01;35:*.svg=01;35:*.svgz=01;35:*.mng=01;35:*.pcx=01;35:*.mov=01;35:*.mpg=01;35:*.mpeg=01;35:*.m2v=01;35:*.mkv=01;35:*.ogm=01;35:*.mp4=01;35:*.m4v=01;35:*.mp4v=01;35:*.vob=01;35:*.qt=01;35:*.nuv=01;35:*.wmv=01;35:*.asf=01;35:*.rm=01;35:*.rmvb=01;35:*.flc=01;35:*.avi=01;35:*.fli=01;35:*.flv=01;35:*.gl=01;35:*.dl=01;35:*.xcf=01;35:*.xwd=01;35:*.yuv=01;35:*.cgm=01;35:*.emf=01;35:*.axv=01;35:*.anx=01;35:*.ogv=01;35:*.ogx=01;35:*.aac=01;36:*.au=01;36:*.flac=01;36:*.mid=01;36:*.midi=01;36:*.mka=01;36:*.mp3=01;36:*.mpc=01;36:*.ogg=01;36:*.ra=01;36:*.wav=01;36:*.axa=01;36:*.oga=01;36:*.spx=01;36:*.xspf=01;36:
HOSTTYPE=x86_64-linux
ENCOUNTER=/RAID2/EDA/cadence/EDI/cur/tools/fe
AMSHOME=/usr/ius81
LIBPATH=/usr/hspice/hspice/linux
MAIL=/var/spool/mail/iclab39
PATH=/usr/matlab/bin:/usr/icc/bin:/RAID2/EDA/syntest/syntest_2009.03_linux/bin:/usr/ads/bin:/usr/calibre/bin:/usr/calibre:/usr/verdi/bin:/usr/verdi/nCompare/bin:/usr/verdi/nLint/bin:/usr/laker/bin:/RAID2/EDA/synopsys/lc/cur/bin:/RAID2/EDA/synopsys/saed_mc/bin:/usr/vcs/bin:/usr/vcs/linux/util:/RAID2/EDA/synopsys/customexplorer/vG-2012.06-SP2/bin:/usr/tx/linux/syn/bin:/usr/pp/linux/syn/bin:/usr/pt/bin:/usr/syn/linux/syn/bin:/usr/hspice/hspice/../sx_2009.09_linux/bin/:/usr/hspice/hspice/bin:/usr/hspice/hspice/linux:/usr/synthesis/bin/:/RAID2/EDA/cadence/EDI/cur/tools/celtic/bin:/RAID2/EDA/cadence/EDI/cur/tools/plato/bin:/RAID2/EDA/cadence/EDI/cur/tools/dfII/bin:/RAID2/EDA/cadence/EDI/cur/tools/fe/bin:/RAID2/EDA/cadence/EDI/cur/tools/cdsdoc/bin:/RAID2/EDA/cadence/EDI/cur/tools/bin:/RAID2/EDA/cadence/EDI/cur//tools/tlfUtil/bin:/usr/INCISIV/tools/bin:/usr/EDI/tools/bin:/usr/mmsim61/tools/bin:/usr/ic/tools/dfII/bin:/usr/ic/tools/bin:/usr/sbin:/usr/lib64/qt-3.3/bin:/usr/local/bin:/bin:/usr/bin
OAHOME=/RAID2/EDA/cadence/EDI/cur/oa
PWD=/RAID2/COURSE/iclab/iclab39/FP/06_POST_SIM
VCS_HOME=/usr/vcs
EDITOR=nedit
LANG=C
KDE_IS_PRELINKED=1
VCS_ARCH_OVERRIDE=linux
OA_HOME=/RAID2/EDA/cadence/EDI/cur/oa
KDEDIRS=/usr
SELINUX_LEVEL_REQUESTED=
VCS_CC=gcc
CDSHOME=/usr/cadence
LM_LICENSE_FILE=26585@lscic:5280@lsnctu:26585@lsnctu:5219@lsnctu:1717@lsnctu
SYNOPSYS=/usr/syn
CDS_Netlisting_Mode=Analog
SSH_ASKPASS=/usr/libexec/openssh/gnome-ssh-askpass
SHLVL=2
HOME=/RAID2/COURSE/iclab/iclab39
MC_HOME=/RAID2/EDA/synopsys/saed_mc
OSTYPE=linux
MGC_HOME=/RAID2/EDA/mentor/x86_cal_2012.2_26.20/
SAED_MC_32_28_PDK=/RAID2/EDA/synopsys/saed_mc/etc/techs/SAED_PDK_32/
HPEESOF_DIR=/usr/ads
MGC_TMPDIR=/tmp
VENDOR=unknown
MATLAB=/usr/matlab/
MACHTYPE=x86_64
LOGNAME=iclab39
ENABLE_STARTUP_LOCALE=iso_8859_1
QTLIB=/usr/lib64/qt-3.3/lib
CVS_RSH=ssh
LC_CTYPE=iso_8859_1
SSH_CONNECTION=140.113.193.118 65415 140.113.201.3 22
LESSOPEN=||/usr/bin/lesspipe.sh %s
SHLIB_PATH=/usr/hspice/hspice/linux:/usr/lib
CC=gcc
DISPLAY=localhost:10.0
SYNTEST=/RAID2/EDA/syntest/syntest_2009.03_linux
G_BROKEN_FILENAMES=1
_=/usr/INCISIV/tools/bin/ncverilog
/misc/RAID2/COURSE/iclab/iclab39/FP/06_POST_SIM/INCA_libs/irun.lnx86.13.10.nc/svpp.ts
CDS_ARCH=lnx86
NCRUNMODE=ncverilog:./INCA_libs/irun.lnx86.13.10.nc
IRUNBATCH=FALSE
IMPERAS_PORT_FILE=.vsp_ovp_gdb_port
TCL_LIBRARY=/usr/INCISIV/tools/inca/files/tcl/library
Runtime command line arguments:
argv[0]=ncverilog
argv[1]=TESTBED.v
argv[2]=-v
argv[3]=/misc/RAID2/COURSE/iclab/iclabta01/umc018/Verilog/umc18io3v5v.v
argv[4]=-v
argv[5]=/misc/RAID2/COURSE/iclab/iclabta01/umc018/Verilog/umc18_neg.v
argv[6]=-v
argv[7]=../04_MEM/RA1SH.v
argv[8]=+define+POSIM
argv[9]=+access+wr
argv[10]=+maxdelays
argv[11]=+incdir+/usr/syn/dw/sim_ver
105 profile - 100
          CPU/Mem usage: 0.060 sys,  0.060 user,  71.13M sys,  0.00M vm
106 VC callback profile - scalar:0 vector:0
107 Tue Jan 16 14:27:38 2018
108 pliAppInit
109 *Verdi3* : Enable Parallel Dumping.
110 pliAppMiscSet: New Sim Round
111 pliEntryInit
112 LIBSSCORE=found /usr/verdi/share/PLI/IUS/LINUX/libsscore_ius131.so through $LD_LIBRARY_PATH setting.
113 argv[0]: CHIP.fsdb
114 argv[0]: 0
115 argv[1]: +mda
116 FSDB Dumper for IUS, Release Verdi3_K-2015.09-SP2, Linux, 02/26/2016
117 (C) 1996 - 2016 by Synopsys, Inc.
118 sps_call_fsdbDumpfile at 0 : /RAID2/COURSE/iclab/iclab39/FP/06_POST_SIM/TESTBED.v(28)
119 argv[0]: CHIP.fsdb
120 *Verdi3* : Create FSDB file 'CHIP.fsdb'
121 sps_call_fsdbDumpvars at 0 : /RAID2/COURSE/iclab/iclab39/FP/06_POST_SIM/TESTBED.v(30)
122 argv[0]: 0
123 argv[1]: +mda
124 *Verdi3* : Begin traversing the scopes, layer (0).
125 *Verdi3* : Enable +mda dumping.
126 Cell instance `TESTBED.I_CHIP.DIODE_1'.
127 *Verdi3* : End of traversing.
128 fsdbDumpvars traverse var: profile - 
          CPU/Mem usage: 0.100 sys,  2.780 user,  262.70M sys,  0.00M vm
                   incr: 0.040 sys,  2.700 user,  48.72M sys,  0.00M vm
                   accu: 0.040 sys,  2.700 user,  48.72M sys,  0.00M vm
              accu incr: 0.040 sys,  2.700 user,  48.72M sys,  0.00M vm

          Count usage: 176769 var,  92046 idcode,  92046 callback
                 incr: 176769 var,  92046 idcode,  92046 callback
                 accu: 176769 var,  92046 idcode,  92046 callback
            accu incr: 176769 var,  92046 idcode,  92046 callback
129 VC callback profile - scalar:0 vector:0
130 Tue Jan 16 14:27:41 2018
131 fsdbDumpvars: profile - 
          CPU/Mem usage: 0.100 sys,  2.820 user,  267.96M sys,  0.00M vm
                   incr: 0.000 sys,  0.040 user,  5.26M sys,  0.00M vm
                   accu: 0.040 sys,  2.740 user,  53.98M sys,  0.00M vm
              accu incr: 0.000 sys,  0.040 user,  5.26M sys,  0.00M vm

          Count usage: 176769 var,  92046 idcode,  92046 callback
                 incr: 0 var,  0 idcode,  0 callback
                 accu: 176769 var,  92046 idcode,  92046 callback
            accu incr: 0 var,  0 idcode,  0 callback
132 VC callback profile - scalar:91902 vector:144
133 Tue Jan 16 14:27:41 2018
134 End of simulation at 6719320000
135 VC callback profile - scalar:3385377163 vector:154
136 Tue Jan 16 14:50:39 2018
137 Parallel profile    -  Flush:3 ProduceWait:0 ConsumerWait:3669 BlockUsed:13765
138                        ProduceTime:1336.729866211 ConsumerTime:902.725810684
139 SimExit
140 Sim process exit
